Using pre-set license
Built from '2021.1/staging' branch; Version is '2021.1.7f1 (d91830b65d9b) revision 14227504'; Using compiler version '192528614'; Build Type 'Release'
OS: 'Windows 10 Pro; OS build 19042.1586; Version 2009; 64bit' Language: 'en' Physical Memory: 16342 MB
BatchMode: 1, IsHumanControllingUs: 0, StartBugReporterOnCrash: 0, Is64bit: 1, IsPro: 0

 COMMAND LINE ARGUMENTS:
C:\Program Files\Unity\Hub\Editor\2021.1.7f1\Editor\Unity.exe
-adb2
-batchMode
-noUpm
-name
AssetImportWorker0
-projectPath
D:/shit I made/fnad/ghbuild/fnad/build/FNAD
-logFile
Logs/AssetImportWorker0.log
-srvPort
<<<<<<< HEAD
53856
Successfully changed project path to: D:/shit I made/fnad/ghbuild/fnad/build/FNAD
D:/shit I made/fnad/ghbuild/fnad/build/FNAD
Using Asset Import Pipeline V2.
Refreshing native plugins compatible for Editor in 328.42 ms, found 3 plugins.
=======
51921
Successfully changed project path to: C:/Users/mine/Documents/GitHub/Five_Nights_At_Doms/build/FNAD
C:/Users/mine/Documents/GitHub/Five_Nights_At_Doms/build/FNAD
Using Asset Import Pipeline V2.
Refreshing native plugins compatible for Editor in 153.40 ms, found 3 plugins.
>>>>>>> 3dccf06f71c22d1665776e40228fe13b3965bd82
Preloading 0 native plugins for Editor in 0.00 ms.
Initialize engine version: 2021.1.7f1 (d91830b65d9b)
[Subsystems] Discovering subsystems at path C:/Program Files/Unity/Hub/Editor/2021.1.7f1/Editor/Data/Resources/UnitySubsystems
[Subsystems] Discovering subsystems at path D:/shit I made/fnad/ghbuild/fnad/build/FNAD/Assets
GfxDevice: creating device client; threaded=0; jobified=0
Direct3D:
    Version:  Direct3D 11.0 [level 11.1]
    Renderer: NVIDIA GeForce GTX 1050 Ti (ID=0x1c82)
    Vendor:   NVIDIA
    VRAM:     4018 MB
    Driver:   30.0.14.7141
Initialize mono
Mono path[0] = 'C:/Program Files/Unity/Hub/Editor/2021.1.7f1/Editor/Data/Managed'
Mono path[1] = 'C:/Program Files/Unity/Hub/Editor/2021.1.7f1/Editor/Data/MonoBleedingEdge/lib/mono/unityjit'
Mono config path = 'C:/Program Files/Unity/Hub/Editor/2021.1.7f1/Editor/Data/MonoBleedingEdge/etc'
<<<<<<< HEAD
Using monoOptions --debugger-agent=transport=dt_socket,embedding=1,server=y,suspend=n,address=127.0.0.1:56768
Begin MonoManager ReloadAssembly
=======
Using monoOptions --debugger-agent=transport=dt_socket,embedding=1,server=y,suspend=n,address=127.0.0.1:56600
Begin MonoManager ReloadAssembly
Registering precompiled unity dll's ...
Register platform support module: C:/Program Files/Unity/Hub/Editor/2021.1.7f1/Editor/Data/PlaybackEngines/MacStandaloneSupport/UnityEditor.OSXStandalone.Extensions.dll
Register platform support module: C:/Program Files/Unity/Hub/Editor/2021.1.7f1/Editor/Data/PlaybackEngines/WindowsStandaloneSupport/UnityEditor.WindowsStandalone.Extensions.dll
Registered in 0.003191 seconds.
Native extension for WindowsStandalone target not found
Native extension for OSXStandalone target not found
Refreshing native plugins compatible for Editor in 152.37 ms, found 3 plugins.
Preloading 0 native plugins for Editor in 0.00 ms.
Mono: successfully reloaded assembly
- Completed reload, in  2.626 seconds
Platform modules already initialized, skipping
Registering precompiled user dll's ...
Registered in 0.023081 seconds.
Begin MonoManager ReloadAssembly
Symbol file LoadedFromMemory doesn't match image C:\Users\mine\Documents\GitHub\Five_Nights_At_Doms\build\FNAD\Library\PackageCache\com.unity.visualscripting@1.6.1\Editor\VisualScripting.Core\Dependencies\YamlDotNet\Unity.VisualScripting.YamlDotNet.dll
Symbol file LoadedFromMemory doesn't match image C:\Users\mine\Documents\GitHub\Five_Nights_At_Doms\build\FNAD\Library\PackageCache\com.unity.visualscripting@1.6.1\Editor\VisualScripting.Core\Dependencies\DotNetZip\Unity.VisualScripting.IonicZip.dll
Native extension for WindowsStandalone target not found
Native extension for OSXStandalone target not found
Refreshing native plugins compatible for Editor in 1.45 ms, found 3 plugins.
Preloading 0 native plugins for Editor in 0.00 ms.
Mono: successfully reloaded assembly
- Completed reload, in  1.966 seconds
Platform modules already initialized, skipping
========================================================================
Worker process is ready to serve import requests
Launched and connected shader compiler UnityShaderCompiler.exe after 0.06 seconds
Refreshing native plugins compatible for Editor in 1.11 ms, found 3 plugins.
Preloading 0 native plugins for Editor in 0.00 ms.
Unloading 4338 Unused Serialized files (Serialized files now loaded: 0)
System memory in use before: 144.7 MB.
System memory in use after: 144.9 MB.

Unloading 42 unused Assets to reduce memory usage. Loaded Objects now: 4908.
Total: 5.341200 ms (FindLiveObjects: 0.419500 ms CreateObjectMapping: 0.426000 ms MarkObjects: 4.387000 ms  DeleteObjects: 0.107400 ms)

========================================================================
Received Import Request.
  path: Assets/Scenes/Teststuff.unity
  artifactKey: Guid(ca67b5ae1bc05ae45a4513ebdb1ad0ba) Importer(815301076,1909f56bfc062723c751e8b465ee728b)
Start importing Assets/Scenes/Teststuff.unity using Guid(ca67b5ae1bc05ae45a4513ebdb1ad0ba) Importer(815301076,1909f56bfc062723c751e8b465ee728b)  -> (artifact id: '5118dd6d9fb93ffac08ca1aa54367d88') in 0.027646 seconds 
========================================================================
Received Prepare
Registering precompiled user dll's ...
Registered in 0.020170 seconds.
Begin MonoManager ReloadAssembly
Symbol file LoadedFromMemory doesn't match image C:\Users\mine\Documents\GitHub\Five_Nights_At_Doms\build\FNAD\Library\PackageCache\com.unity.visualscripting@1.6.1\Editor\VisualScripting.Core\Dependencies\YamlDotNet\Unity.VisualScripting.YamlDotNet.dll
Symbol file LoadedFromMemory doesn't match image C:\Users\mine\Documents\GitHub\Five_Nights_At_Doms\build\FNAD\Library\PackageCache\com.unity.visualscripting@1.6.1\Editor\VisualScripting.Core\Dependencies\DotNetZip\Unity.VisualScripting.IonicZip.dll
Native extension for WindowsStandalone target not found
Native extension for OSXStandalone target not found
Refreshing native plugins compatible for Editor in 1.07 ms, found 3 plugins.
Preloading 0 native plugins for Editor in 0.00 ms.
Mono: successfully reloaded assembly
- Completed reload, in  1.582 seconds
Platform modules already initialized, skipping
Refreshing native plugins compatible for Editor in 1.20 ms, found 3 plugins.
Preloading 0 native plugins for Editor in 0.00 ms.
Unloading 4319 Unused Serialized files (Serialized files now loaded: 0)
System memory in use before: 143.6 MB.
System memory in use after: 143.8 MB.

Unloading 37 unused Assets to reduce memory usage. Loaded Objects now: 4911.
Total: 4.114900 ms (FindLiveObjects: 0.647600 ms CreateObjectMapping: 0.468800 ms MarkObjects: 2.899800 ms  DeleteObjects: 0.097400 ms)

========================================================================
Received Import Request.
  Time since last request: 906.337015 seconds.
  path: Assets/Scenes/Night 1.unity
  artifactKey: Guid(8212e86a4be3ccb4a8ee0d38de56185a) Importer(815301076,1909f56bfc062723c751e8b465ee728b)
Start importing Assets/Scenes/Night 1.unity using Guid(8212e86a4be3ccb4a8ee0d38de56185a) Importer(815301076,1909f56bfc062723c751e8b465ee728b)  -> (artifact id: '7848774d51fc2ad52a7112719d81ecf5') in 0.022049 seconds 
========================================================================
Received Import Request.
  Time since last request: 11.947804 seconds.
  path: Assets/Scenes/MainMenu.unity
  artifactKey: Guid(9fc0d4010bbf28b4594072e72b8655ab) Importer(815301076,1909f56bfc062723c751e8b465ee728b)
Start importing Assets/Scenes/MainMenu.unity using Guid(9fc0d4010bbf28b4594072e72b8655ab) Importer(815301076,1909f56bfc062723c751e8b465ee728b)  -> (artifact id: '6494481bcee47b9ef60ba49eab632969') in 0.010955 seconds 
========================================================================
Received Prepare
Registering precompiled user dll's ...
Registered in 0.020415 seconds.
Begin MonoManager ReloadAssembly
Symbol file LoadedFromMemory doesn't match image C:\Users\mine\Documents\GitHub\Five_Nights_At_Doms\build\FNAD\Library\PackageCache\com.unity.visualscripting@1.6.1\Editor\VisualScripting.Core\Dependencies\YamlDotNet\Unity.VisualScripting.YamlDotNet.dll
Symbol file LoadedFromMemory doesn't match image C:\Users\mine\Documents\GitHub\Five_Nights_At_Doms\build\FNAD\Library\PackageCache\com.unity.visualscripting@1.6.1\Editor\VisualScripting.Core\Dependencies\DotNetZip\Unity.VisualScripting.IonicZip.dll
Native extension for WindowsStandalone target not found
Native extension for OSXStandalone target not found
Refreshing native plugins compatible for Editor in 0.96 ms, found 3 plugins.
Preloading 0 native plugins for Editor in 0.00 ms.
Mono: successfully reloaded assembly
- Completed reload, in  1.509 seconds
Platform modules already initialized, skipping
Refreshing native plugins compatible for Editor in 1.34 ms, found 3 plugins.
Preloading 0 native plugins for Editor in 0.00 ms.
Unloading 4319 Unused Serialized files (Serialized files now loaded: 0)
System memory in use before: 143.7 MB.
System memory in use after: 143.9 MB.

Unloading 37 unused Assets to reduce memory usage. Loaded Objects now: 4914.
Total: 3.969400 ms (FindLiveObjects: 0.414400 ms CreateObjectMapping: 0.245600 ms MarkObjects: 3.216000 ms  DeleteObjects: 0.092200 ms)

AssetImportWorkerClient::OnTransportError - code=2 error=End of file
>>>>>>> 3dccf06f71c22d1665776e40228fe13b3965bd82
